Compilation failed:
    source file: 'C:/Users/d_dan/Desktop/opencv-master/cmake/checks/cpu_avx512.cpp'
    check option: '    '
===== BUILD LOG =====
Change Dir: C:/Users/d_dan/Desktop/opencv-master/build/CMakeFiles/CMakeTmp

Run Build Command:"C:/Program Files (x86)/Microsoft Visual Studio/2017/Enterprise/MSBuild/15.0/Bin/MSBuild.exe" "cmTC_8202d.vcxproj" "/p:Configuration=Debug" "/p:VisualStudioVersion=15.0"
Microsoft (R) Build Engine versión 15.5.180.51428 para .NET Framework
Copyright (C) Microsoft Corporation. Todos los derechos reservados.

Compilación iniciada a las 19/07/2018 11:55:25.
Proyecto "C:\Users\d_dan\Desktop\opencv-master\build\CMakeFiles\CMakeTmp\cmTC_8202d.vcxproj" en nodo 1 (destinos predeterminados).
PrepareForBuild:
  Creando directorio "cmTC_8202d.dir\Debug\".
  Creando directorio "C:\Users\d_dan\Desktop\opencv-master\build\CMakeFiles\CMakeTmp\Debug\".
  Creando directorio "cmTC_8202d.dir\Debug\cmTC_8202d.tlog\".
InitializeBuildStatus:
  Se creará "cmTC_8202d.dir\Debug\cmTC_8202d.tlog\unsuccessfulbuild" porque se especificó "AlwaysCreate".
ClCompile:
  C:\Program Files (x86)\Microsoft Visual Studio\2017\Enterprise\VC\Tools\MSVC\14.12.25827\bin\HostX86\x64\CL.exe /c /Zi /W3 /WX- /diagnostics:classic /Od /Ob0 /D WIN32 /D _WINDOWS /D "CMAKE_INTDIR=\"Debug\"" /D _MBCS /Gm- /EHsc /RTC1 /MDd /GS /fp:precise /Zc:wchar_t /Zc:forScope /Zc:inline /GR /Fo"cmTC_8202d.dir\Debug\\" /Fd"cmTC_8202d.dir\Debug\vc141.pdb" /Gd /TP /errorReport:queue "C:\Users\d_dan\Desktop\opencv-master\cmake\checks\cpu_avx512.cpp"
  Compilador de optimización de C/C++ de Microsoft (R) versión 19.12.25831 para x64
  (C) Microsoft Corporation. Todos los derechos reservados.
  
  cpu_avx512.cpp
  cl /c /Zi /W3 /WX- /diagnostics:classic /Od /Ob0 /D WIN32 /D _WINDOWS /D "CMAKE_INTDIR=\"Debug\"" /D _MBCS /Gm- /EHsc /RTC1 /MDd /GS /fp:precise /Zc:wchar_t /Zc:forScope /Zc:inline /GR /Fo"cmTC_8202d.dir\Debug\\" /Fd"cmTC_8202d.dir\Debug\vc141.pdb" /Gd /TP /errorReport:queue "C:\Users\d_dan\Desktop\opencv-master\cmake\checks\cpu_avx512.cpp"
  
C:\Users\d_dan\Desktop\opencv-master\cmake\checks\cpu_avx512.cpp(11): fatal error C1189: #error:  "AVX512 is not supported" [C:\Users\d_dan\Desktop\opencv-master\build\CMakeFiles\CMakeTmp\cmTC_8202d.vcxproj]
Compilación del proyecto terminada "C:\Users\d_dan\Desktop\opencv-master\build\CMakeFiles\CMakeTmp\cmTC_8202d.vcxproj" (destinos predeterminados) -- ERROR.

ERROR al compilar.

"C:\Users\d_dan\Desktop\opencv-master\build\CMakeFiles\CMakeTmp\cmTC_8202d.vcxproj" (destino predeterminado) (1) ->
(ClCompile destino) -> 
  C:\Users\d_dan\Desktop\opencv-master\cmake\checks\cpu_avx512.cpp(11): fatal error C1189: #error:  "AVX512 is not supported" [C:\Users\d_dan\Desktop\opencv-master\build\CMakeFiles\CMakeTmp\cmTC_8202d.vcxproj]

    0 Advertencia(s)
    1 Errores

Tiempo transcurrido 00:00:01.32

===== END =====

Compilation failed:
    source file: 'C:/Users/d_dan/Desktop/opencv-master/cmake/checks/cpu_avx512skx.cpp'
    check option: '    '
===== BUILD LOG =====
Change Dir: C:/Users/d_dan/Desktop/opencv-master/build/CMakeFiles/CMakeTmp

Run Build Command:"C:/Program Files (x86)/Microsoft Visual Studio/2017/Enterprise/MSBuild/15.0/Bin/MSBuild.exe" "cmTC_6e759.vcxproj" "/p:Configuration=Debug" "/p:VisualStudioVersion=15.0"
Microsoft (R) Build Engine versión 15.5.180.51428 para .NET Framework
Copyright (C) Microsoft Corporation. Todos los derechos reservados.

Compilación iniciada a las 19/07/2018 11:55:26.
Proyecto "C:\Users\d_dan\Desktop\opencv-master\build\CMakeFiles\CMakeTmp\cmTC_6e759.vcxproj" en nodo 1 (destinos predeterminados).
PrepareForBuild:
  Creando directorio "cmTC_6e759.dir\Debug\".
  Creando directorio "C:\Users\d_dan\Desktop\opencv-master\build\CMakeFiles\CMakeTmp\Debug\".
  Creando directorio "cmTC_6e759.dir\Debug\cmTC_6e759.tlog\".
InitializeBuildStatus:
  Se creará "cmTC_6e759.dir\Debug\cmTC_6e759.tlog\unsuccessfulbuild" porque se especificó "AlwaysCreate".
ClCompile:
  C:\Program Files (x86)\Microsoft Visual Studio\2017\Enterprise\VC\Tools\MSVC\14.12.25827\bin\HostX86\x64\CL.exe /c /Zi /W3 /WX- /diagnostics:classic /Od /Ob0 /D WIN32 /D _WINDOWS /D "CMAKE_INTDIR=\"Debug\"" /D _MBCS /Gm- /EHsc /RTC1 /MDd /GS /fp:precise /Zc:wchar_t /Zc:forScope /Zc:inline /GR /Fo"cmTC_6e759.dir\Debug\\" /Fd"cmTC_6e759.dir\Debug\vc141.pdb" /Gd /TP /errorReport:queue "C:\Users\d_dan\Desktop\opencv-master\cmake\checks\cpu_avx512skx.cpp"
  Compilador de optimización de C/C++ de Microsoft (R) versión 19.12.25831 para x64
  (C) Microsoft Corporation. Todos los derechos reservados.
  
  cpu_avx512skx.cpp
  cl /c /Zi /W3 /WX- /diagnostics:classic /Od /Ob0 /D WIN32 /D _WINDOWS /D "CMAKE_INTDIR=\"Debug\"" /D _MBCS /Gm- /EHsc /RTC1 /MDd /GS /fp:precise /Zc:wchar_t /Zc:forScope /Zc:inline /GR /Fo"cmTC_6e759.dir\Debug\\" /Fd"cmTC_6e759.dir\Debug\vc141.pdb" /Gd /TP /errorReport:queue "C:\Users\d_dan\Desktop\opencv-master\cmake\checks\cpu_avx512skx.cpp"
  
C:\Users\d_dan\Desktop\opencv-master\cmake\checks\cpu_avx512skx.cpp(15): fatal error C1189: #error:  "AVX512-SKX is not supported" [C:\Users\d_dan\Desktop\opencv-master\build\CMakeFiles\CMakeTmp\cmTC_6e759.vcxproj]
Compilación del proyecto terminada "C:\Users\d_dan\Desktop\opencv-master\build\CMakeFiles\CMakeTmp\cmTC_6e759.vcxproj" (destinos predeterminados) -- ERROR.

ERROR al compilar.

"C:\Users\d_dan\Desktop\opencv-master\build\CMakeFiles\CMakeTmp\cmTC_6e759.vcxproj" (destino predeterminado) (1) ->
(ClCompile destino) -> 
  C:\Users\d_dan\Desktop\opencv-master\cmake\checks\cpu_avx512skx.cpp(15): fatal error C1189: #error:  "AVX512-SKX is not supported" [C:\Users\d_dan\Desktop\opencv-master\build\CMakeFiles\CMakeTmp\cmTC_6e759.vcxproj]

    0 Advertencia(s)
    1 Errores

Tiempo transcurrido 00:00:01.25

===== END =====

Determining if the function fseeko exists failed with the following output:
Change Dir: C:/Users/d_dan/Desktop/opencv-master/build/CMakeFiles/CMakeTmp

Run Build Command:"C:/Program Files (x86)/Microsoft Visual Studio/2017/Enterprise/MSBuild/15.0/Bin/MSBuild.exe" "cmTC_67d8f.vcxproj" "/p:Configuration=Debug" "/p:VisualStudioVersion=15.0"
Microsoft (R) Build Engine versión 15.5.180.51428 para .NET Framework
Copyright (C) Microsoft Corporation. Todos los derechos reservados.

Compilación iniciada a las 19/07/2018 11:55:53.
Proyecto "C:\Users\d_dan\Desktop\opencv-master\build\CMakeFiles\CMakeTmp\cmTC_67d8f.vcxproj" en nodo 1 (destinos predeterminados).
PrepareForBuild:
  Creando directorio "cmTC_67d8f.dir\Debug\".
  Creando directorio "C:\Users\d_dan\Desktop\opencv-master\build\CMakeFiles\CMakeTmp\Debug\".
  Creando directorio "cmTC_67d8f.dir\Debug\cmTC_67d8f.tlog\".
InitializeBuildStatus:
  Se creará "cmTC_67d8f.dir\Debug\cmTC_67d8f.tlog\unsuccessfulbuild" porque se especificó "AlwaysCreate".
ClCompile:
  C:\Program Files (x86)\Microsoft Visual Studio\2017\Enterprise\VC\Tools\MSVC\14.12.25827\bin\HostX86\x64\CL.exe /c /Zi /W3 /WX- /diagnostics:classic /MP4 /Od /Ob0 /Oi /D WIN32 /D _WINDOWS /D _CRT_SECURE_NO_DEPRECATE /D _CRT_NONSTDC_NO_DEPRECATE /D _SCL_SECURE_NO_WARNINGS /D CHECK_FUNCTION_EXISTS=fseeko /D "CMAKE_INTDIR=\"Debug\"" /D _MBCS /Gm- /RTC1 /MDd /GS /Gy /fp:precise /Zc:wchar_t /Zc:forScope /Zc:inline /Fo"cmTC_67d8f.dir\Debug\\" /Fd"cmTC_67d8f.dir\Debug\vc141.pdb" /Gd /TC /errorReport:queue  /bigobj "C:\Program Files\CMake\share\cmake-3.12\Modules\CheckFunctionExists.c"
  Compilador de optimización de C/C++ de Microsoft (R) versión 19.12.25831 para x64
  (C) Microsoft Corporation. Todos los derechos reservados.
  
  cl /c /Zi /W3 /WX- /diagnostics:classic /MP4 /Od /Ob0 /Oi /D WIN32 /D _WINDOWS /D _CRT_SECURE_NO_DEPRECATE /D _CRT_NONSTDC_NO_DEPRECATE /D _SCL_SECURE_NO_WARNINGS /D CHECK_FUNCTION_EXISTS=fseeko /D "CMAKE_INTDIR=\"Debug\"" /D _MBCS /Gm- /RTC1 /MDd /GS /Gy /fp:precise /Zc:wchar_t /Zc:forScope /Zc:inline /Fo"cmTC_67d8f.dir\Debug\\" /Fd"cmTC_67d8f.dir\Debug\vc141.pdb" /Gd /TC /errorReport:queue  /bigobj "C:\Program Files\CMake\share\cmake-3.12\Modules\CheckFunctionExists.c"
  CheckFunctionExists.c
  
Link:
  C:\Program Files (x86)\Microsoft Visual Studio\2017\Enterprise\VC\Tools\MSVC\14.12.25827\bin\HostX86\x64\link.exe /ERRORREPORT:QUEUE /OUT:"C:\Users\d_dan\Desktop\opencv-master\build\CMakeFiles\CMakeTmp\Debug\cmTC_67d8f.exe" /INCREMENTAL /NOLOGO kernel32.lib user32.lib gdi32.lib winspool.lib shell32.lib ole32.lib oleaut32.lib uuid.lib comdlg32.lib advapi32.lib /NODEFAULTLIB:atlthunk.lib /MANIFEST /MANIFESTUAC:"level='asInvoker' uiAccess='false'" /manifest:embed /DEBUG /PDB:"C:/Users/d_dan/Desktop/opencv-master/build/CMakeFiles/CMakeTmp/Debug/cmTC_67d8f.pdb" /SUBSYSTEM:CONSOLE /TLBID:1 /DYNAMICBASE /NXCOMPAT /IMPLIB:"C:/Users/d_dan/Desktop/opencv-master/build/CMakeFiles/CMakeTmp/Debug/cmTC_67d8f.lib" /MACHINE:X64  /machine:x64 cmTC_67d8f.dir\Debug\CheckFunctionExists.obj
CheckFunctionExists.obj : error LNK2019: sÝmbolo externo fseeko sin resolver al que se hace referencia en la funci¾n main [C:\Users\d_dan\Desktop\opencv-master\build\CMakeFiles\CMakeTmp\cmTC_67d8f.vcxproj]
C:\Users\d_dan\Desktop\opencv-master\build\CMakeFiles\CMakeTmp\Debug\cmTC_67d8f.exe : fatal error LNK1120: 1 externos sin resolver [C:\Users\d_dan\Desktop\opencv-master\build\CMakeFiles\CMakeTmp\cmTC_67d8f.vcxproj]
Compilación del proyecto terminada "C:\Users\d_dan\Desktop\opencv-master\build\CMakeFiles\CMakeTmp\cmTC_67d8f.vcxproj" (destinos predeterminados) -- ERROR.

ERROR al compilar.

"C:\Users\d_dan\Desktop\opencv-master\build\CMakeFiles\CMakeTmp\cmTC_67d8f.vcxproj" (destino predeterminado) (1) ->
(Link destino) -> 
  CheckFunctionExists.obj : error LNK2019: sÝmbolo externo fseeko sin resolver al que se hace referencia en la funci¾n main [C:\Users\d_dan\Desktop\opencv-master\build\CMakeFiles\CMakeTmp\cmTC_67d8f.vcxproj]
  C:\Users\d_dan\Desktop\opencv-master\build\CMakeFiles\CMakeTmp\Debug\cmTC_67d8f.exe : fatal error LNK1120: 1 externos sin resolver [C:\Users\d_dan\Desktop\opencv-master\build\CMakeFiles\CMakeTmp\cmTC_67d8f.vcxproj]

    0 Advertencia(s)
    2 Errores

Tiempo transcurrido 00:00:01.76


Determining size of off64_t failed with the following output:
Change Dir: C:/Users/d_dan/Desktop/opencv-master/build/CMakeFiles/CMakeTmp

Run Build Command:"C:/Program Files (x86)/Microsoft Visual Studio/2017/Enterprise/MSBuild/15.0/Bin/MSBuild.exe" "cmTC_243ad.vcxproj" "/p:Configuration=Debug" "/p:VisualStudioVersion=15.0"
Microsoft (R) Build Engine versión 15.5.180.51428 para .NET Framework
Copyright (C) Microsoft Corporation. Todos los derechos reservados.

Compilación iniciada a las 19/07/2018 11:55:55.
Proyecto "C:\Users\d_dan\Desktop\opencv-master\build\CMakeFiles\CMakeTmp\cmTC_243ad.vcxproj" en nodo 1 (destinos predeterminados).
PrepareForBuild:
  Creando directorio "cmTC_243ad.dir\Debug\".
  Creando directorio "C:\Users\d_dan\Desktop\opencv-master\build\CMakeFiles\CMakeTmp\Debug\".
  Creando directorio "cmTC_243ad.dir\Debug\cmTC_243ad.tlog\".
InitializeBuildStatus:
  Se creará "cmTC_243ad.dir\Debug\cmTC_243ad.tlog\unsuccessfulbuild" porque se especificó "AlwaysCreate".
ClCompile:
  C:\Program Files (x86)\Microsoft Visual Studio\2017\Enterprise\VC\Tools\MSVC\14.12.25827\bin\HostX86\x64\CL.exe /c /Zi /W3 /WX- /diagnostics:classic /MP4 /Od /Ob0 /Oi /D WIN32 /D _WINDOWS /D _CRT_SECURE_NO_DEPRECATE /D _CRT_NONSTDC_NO_DEPRECATE /D _SCL_SECURE_NO_WARNINGS /D "CMAKE_INTDIR=\"Debug\"" /D _MBCS /Gm- /RTC1 /MDd /GS /Gy /fp:precise /Zc:wchar_t /Zc:forScope /Zc:inline /Fo"cmTC_243ad.dir\Debug\\" /Fd"cmTC_243ad.dir\Debug\vc141.pdb" /Gd /TC /errorReport:queue  /bigobj "C:\Users\d_dan\Desktop\opencv-master\build\CMakeFiles\CheckTypeSize\OFF64_T.c"
  Compilador de optimización de C/C++ de Microsoft (R) versión 19.12.25831 para x64
  (C) Microsoft Corporation. Todos los derechos reservados.
  
  OFF64_T.c
  cl /c /Zi /W3 /WX- /diagnostics:classic /MP4 /Od /Ob0 /Oi /D WIN32 /D _WINDOWS /D _CRT_SECURE_NO_DEPRECATE /D _CRT_NONSTDC_NO_DEPRECATE /D _SCL_SECURE_NO_WARNINGS /D "CMAKE_INTDIR=\"Debug\"" /D _MBCS /Gm- /RTC1 /MDd /GS /Gy /fp:precise /Zc:wchar_t /Zc:forScope /Zc:inline /Fo"cmTC_243ad.dir\Debug\\" /Fd"cmTC_243ad.dir\Debug\vc141.pdb" /Gd /TC /errorReport:queue  /bigobj "C:\Users\d_dan\Desktop\opencv-master\build\CMakeFiles\CheckTypeSize\OFF64_T.c"
  
C:\Users\d_dan\Desktop\opencv-master\build\CMakeFiles\CheckTypeSize\OFF64_T.c(25): error C2065: 'off64_t': identificador no declarado [C:\Users\d_dan\Desktop\opencv-master\build\CMakeFiles\CMakeTmp\cmTC_243ad.vcxproj]
C:\Users\d_dan\Desktop\opencv-master\build\CMakeFiles\CheckTypeSize\OFF64_T.c(26): error C2065: 'off64_t': identificador no declarado [C:\Users\d_dan\Desktop\opencv-master\build\CMakeFiles\CMakeTmp\cmTC_243ad.vcxproj]
C:\Users\d_dan\Desktop\opencv-master\build\CMakeFiles\CheckTypeSize\OFF64_T.c(27): error C2065: 'off64_t': identificador no declarado [C:\Users\d_dan\Desktop\opencv-master\build\CMakeFiles\CMakeTmp\cmTC_243ad.vcxproj]
C:\Users\d_dan\Desktop\opencv-master\build\CMakeFiles\CheckTypeSize\OFF64_T.c(28): error C2065: 'off64_t': identificador no declarado [C:\Users\d_dan\Desktop\opencv-master\build\CMakeFiles\CMakeTmp\cmTC_243ad.vcxproj]
C:\Users\d_dan\Desktop\opencv-master\build\CMakeFiles\CheckTypeSize\OFF64_T.c(29): error C2065: 'off64_t': identificador no declarado [C:\Users\d_dan\Desktop\opencv-master\build\CMakeFiles\CMakeTmp\cmTC_243ad.vcxproj]
Compilación del proyecto terminada "C:\Users\d_dan\Desktop\opencv-master\build\CMakeFiles\CMakeTmp\cmTC_243ad.vcxproj" (destinos predeterminados) -- ERROR.

ERROR al compilar.

"C:\Users\d_dan\Desktop\opencv-master\build\CMakeFiles\CMakeTmp\cmTC_243ad.vcxproj" (destino predeterminado) (1) ->
(ClCompile destino) -> 
  C:\Users\d_dan\Desktop\opencv-master\build\CMakeFiles\CheckTypeSize\OFF64_T.c(25): error C2065: 'off64_t': identificador no declarado [C:\Users\d_dan\Desktop\opencv-master\build\CMakeFiles\CMakeTmp\cmTC_243ad.vcxproj]
  C:\Users\d_dan\Desktop\opencv-master\build\CMakeFiles\CheckTypeSize\OFF64_T.c(26): error C2065: 'off64_t': identificador no declarado [C:\Users\d_dan\Desktop\opencv-master\build\CMakeFiles\CMakeTmp\cmTC_243ad.vcxproj]
  C:\Users\d_dan\Desktop\opencv-master\build\CMakeFiles\CheckTypeSize\OFF64_T.c(27): error C2065: 'off64_t': identificador no declarado [C:\Users\d_dan\Desktop\opencv-master\build\CMakeFiles\CMakeTmp\cmTC_243ad.vcxproj]
  C:\Users\d_dan\Desktop\opencv-master\build\CMakeFiles\CheckTypeSize\OFF64_T.c(28): error C2065: 'off64_t': identificador no declarado [C:\Users\d_dan\Desktop\opencv-master\build\CMakeFiles\CMakeTmp\cmTC_243ad.vcxproj]
  C:\Users\d_dan\Desktop\opencv-master\build\CMakeFiles\CheckTypeSize\OFF64_T.c(29): error C2065: 'off64_t': identificador no declarado [C:\Users\d_dan\Desktop\opencv-master\build\CMakeFiles\CMakeTmp\cmTC_243ad.vcxproj]

    0 Advertencia(s)
    5 Errores

Tiempo transcurrido 00:00:01.38

C:/Users/d_dan/Desktop/opencv-master/build/CMakeFiles/CheckTypeSize/OFF64_T.c:
#include <sys/types.h>
#include <stdint.h>
#include <stddef.h>


#undef KEY
#if defined(__i386)
# define KEY '_','_','i','3','8','6'
#elif defined(__x86_64)
# define KEY '_','_','x','8','6','_','6','4'
#elif defined(__ppc__)
# define KEY '_','_','p','p','c','_','_'
#elif defined(__ppc64__)
# define KEY '_','_','p','p','c','6','4','_','_'
#elif defined(__aarch64__)
# define KEY '_','_','a','a','r','c','h','6','4','_','_'
#elif defined(__ARM_ARCH_7A__)
# define KEY '_','_','A','R','M','_','A','R','C','H','_','7','A','_','_'
#elif defined(__ARM_ARCH_7S__)
# define KEY '_','_','A','R','M','_','A','R','C','H','_','7','S','_','_'
#endif

#define SIZE (sizeof(off64_t))
char info_size[] =  {'I', 'N', 'F', 'O', ':', 's','i','z','e','[',
  ('0' + ((SIZE / 10000)%10)),
  ('0' + ((SIZE / 1000)%10)),
  ('0' + ((SIZE / 100)%10)),
  ('0' + ((SIZE / 10)%10)),
  ('0' +  (SIZE    % 10)),
  ']',
#ifdef KEY
  ' ','k','e','y','[', KEY, ']',
#endif
  '\0'};

#ifdef __CLASSIC_C__
int main(argc, argv) int argc; char *argv[];
#else
int main(int argc, char *argv[])
#endif
{
  int require = 0;
  require += info_size[argc];
  (void)argv;
  return require;
}


Determining if the function strcasecmp exists failed with the following output:
Change Dir: C:/Users/d_dan/Desktop/opencv-master/build/CMakeFiles/CMakeTmp

Run Build Command:"C:/Program Files (x86)/Microsoft Visual Studio/2017/Enterprise/MSBuild/15.0/Bin/MSBuild.exe" "cmTC_fee35.vcxproj" "/p:Configuration=Debug" "/p:VisualStudioVersion=15.0"
Microsoft (R) Build Engine versión 15.5.180.51428 para .NET Framework
Copyright (C) Microsoft Corporation. Todos los derechos reservados.

Compilación iniciada a las 19/07/2018 11:56:50.
Proyecto "C:\Users\d_dan\Desktop\opencv-master\build\CMakeFiles\CMakeTmp\cmTC_fee35.vcxproj" en nodo 1 (destinos predeterminados).
PrepareForBuild:
  Creando directorio "cmTC_fee35.dir\Debug\".
  Creando directorio "C:\Users\d_dan\Desktop\opencv-master\build\CMakeFiles\CMakeTmp\Debug\".
  Creando directorio "cmTC_fee35.dir\Debug\cmTC_fee35.tlog\".
InitializeBuildStatus:
  Se creará "cmTC_fee35.dir\Debug\cmTC_fee35.tlog\unsuccessfulbuild" porque se especificó "AlwaysCreate".
ClCompile:
  C:\Program Files (x86)\Microsoft Visual Studio\2017\Enterprise\VC\Tools\MSVC\14.12.25827\bin\HostX86\x64\CL.exe /c /Zi /W3 /WX- /diagnostics:classic /MP4 /Od /Ob0 /Oi /D WIN32 /D _WINDOWS /D _CRT_SECURE_NO_DEPRECATE /D _CRT_NONSTDC_NO_DEPRECATE /D _SCL_SECURE_NO_WARNINGS /D CHECK_FUNCTION_EXISTS=strcasecmp /D "CMAKE_INTDIR=\"Debug\"" /D _MBCS /Gm- /RTC1 /MDd /GS /Gy /fp:precise /Zc:wchar_t /Zc:forScope /Zc:inline /Fo"cmTC_fee35.dir\Debug\\" /Fd"cmTC_fee35.dir\Debug\vc141.pdb" /Gd /TC /errorReport:queue  /bigobj "C:\Program Files\CMake\share\cmake-3.12\Modules\CheckFunctionExists.c"
  Compilador de optimización de C/C++ de Microsoft (R) versión 19.12.25831 para x64
  (C) Microsoft Corporation. Todos los derechos reservados.
  
  CheckFunctionExists.c
  cl /c /Zi /W3 /WX- /diagnostics:classic /MP4 /Od /Ob0 /Oi /D WIN32 /D _WINDOWS /D _CRT_SECURE_NO_DEPRECATE /D _CRT_NONSTDC_NO_DEPRECATE /D _SCL_SECURE_NO_WARNINGS /D CHECK_FUNCTION_EXISTS=strcasecmp /D "CMAKE_INTDIR=\"Debug\"" /D _MBCS /Gm- /RTC1 /MDd /GS /Gy /fp:precise /Zc:wchar_t /Zc:forScope /Zc:inline /Fo"cmTC_fee35.dir\Debug\\" /Fd"cmTC_fee35.dir\Debug\vc141.pdb" /Gd /TC /errorReport:queue  /bigobj "C:\Program Files\CMake\share\cmake-3.12\Modules\CheckFunctionExists.c"
  
Link:
  C:\Program Files (x86)\Microsoft Visual Studio\2017\Enterprise\VC\Tools\MSVC\14.12.25827\bin\HostX86\x64\link.exe /ERRORREPORT:QUEUE /OUT:"C:\Users\d_dan\Desktop\opencv-master\build\CMakeFiles\CMakeTmp\Debug\cmTC_fee35.exe" /INCREMENTAL /NOLOGO kernel32.lib user32.lib gdi32.lib winspool.lib shell32.lib ole32.lib oleaut32.lib uuid.lib comdlg32.lib advapi32.lib /NODEFAULTLIB:atlthunk.lib /MANIFEST /MANIFESTUAC:"level='asInvoker' uiAccess='false'" /manifest:embed /DEBUG /PDB:"C:/Users/d_dan/Desktop/opencv-master/build/CMakeFiles/CMakeTmp/Debug/cmTC_fee35.pdb" /SUBSYSTEM:CONSOLE /TLBID:1 /DYNAMICBASE /NXCOMPAT /IMPLIB:"C:/Users/d_dan/Desktop/opencv-master/build/CMakeFiles/CMakeTmp/Debug/cmTC_fee35.lib" /MACHINE:X64  /machine:x64 cmTC_fee35.dir\Debug\CheckFunctionExists.obj
CheckFunctionExists.obj : error LNK2019: sÝmbolo externo strcasecmp sin resolver al que se hace referencia en la funci¾n main [C:\Users\d_dan\Desktop\opencv-master\build\CMakeFiles\CMakeTmp\cmTC_fee35.vcxproj]
C:\Users\d_dan\Desktop\opencv-master\build\CMakeFiles\CMakeTmp\Debug\cmTC_fee35.exe : fatal error LNK1120: 1 externos sin resolver [C:\Users\d_dan\Desktop\opencv-master\build\CMakeFiles\CMakeTmp\cmTC_fee35.vcxproj]
Compilación del proyecto terminada "C:\Users\d_dan\Desktop\opencv-master\build\CMakeFiles\CMakeTmp\cmTC_fee35.vcxproj" (destinos predeterminados) -- ERROR.

ERROR al compilar.

"C:\Users\d_dan\Desktop\opencv-master\build\CMakeFiles\CMakeTmp\cmTC_fee35.vcxproj" (destino predeterminado) (1) ->
(Link destino) -> 
  CheckFunctionExists.obj : error LNK2019: sÝmbolo externo strcasecmp sin resolver al que se hace referencia en la funci¾n main [C:\Users\d_dan\Desktop\opencv-master\build\CMakeFiles\CMakeTmp\cmTC_fee35.vcxproj]
  C:\Users\d_dan\Desktop\opencv-master\build\CMakeFiles\CMakeTmp\Debug\cmTC_fee35.exe : fatal error LNK1120: 1 externos sin resolver [C:\Users\d_dan\Desktop\opencv-master\build\CMakeFiles\CMakeTmp\cmTC_fee35.vcxproj]

    0 Advertencia(s)
    2 Errores

Tiempo transcurrido 00:00:01.71


Determining if the include file pthread.h exists failed with the following output:
Change Dir: C:/Users/d_dan/Desktop/opencv-master/build/CMakeFiles/CMakeTmp

Run Build Command:"C:/Program Files (x86)/Microsoft Visual Studio/2017/Enterprise/MSBuild/15.0/Bin/MSBuild.exe" "cmTC_1d9aa.vcxproj" "/p:Configuration=Debug" "/p:VisualStudioVersion=15.0"
Microsoft (R) Build Engine versión 15.5.180.51428 para .NET Framework
Copyright (C) Microsoft Corporation. Todos los derechos reservados.

Compilación iniciada a las 19/07/2018 11:57:38.
Proyecto "C:\Users\d_dan\Desktop\opencv-master\build\CMakeFiles\CMakeTmp\cmTC_1d9aa.vcxproj" en nodo 1 (destinos predeterminados).
PrepareForBuild:
  Creando directorio "cmTC_1d9aa.dir\Debug\".
  Creando directorio "C:\Users\d_dan\Desktop\opencv-master\build\CMakeFiles\CMakeTmp\Debug\".
  Creando directorio "cmTC_1d9aa.dir\Debug\cmTC_1d9aa.tlog\".
InitializeBuildStatus:
  Se creará "cmTC_1d9aa.dir\Debug\cmTC_1d9aa.tlog\unsuccessfulbuild" porque se especificó "AlwaysCreate".
ClCompile:
  C:\Program Files (x86)\Microsoft Visual Studio\2017\Enterprise\VC\Tools\MSVC\14.12.25827\bin\HostX86\x64\CL.exe /c /Zi /W3 /WX- /diagnostics:classic /MP4 /Od /Ob0 /Oi /D WIN32 /D _WINDOWS /D _CRT_SECURE_NO_DEPRECATE /D _CRT_NONSTDC_NO_DEPRECATE /D _SCL_SECURE_NO_WARNINGS /D "CMAKE_INTDIR=\"Debug\"" /D _MBCS /Gm- /RTC1 /MDd /GS /Gy /fp:precise /Zc:wchar_t /Zc:forScope /Zc:inline /Fo"cmTC_1d9aa.dir\Debug\\" /Fd"cmTC_1d9aa.dir\Debug\vc141.pdb" /Gd /TC /errorReport:queue  /bigobj "C:\Users\d_dan\Desktop\opencv-master\build\CMakeFiles\CMakeTmp\CheckIncludeFile.c"
  Compilador de optimización de C/C++ de Microsoft (R) versión 19.12.25831 para x64
  (C) Microsoft Corporation. Todos los derechos reservados.
  
  CheckIncludeFile.c
  cl /c /Zi /W3 /WX- /diagnostics:classic /MP4 /Od /Ob0 /Oi /D WIN32 /D _WINDOWS /D _CRT_SECURE_NO_DEPRECATE /D _CRT_NONSTDC_NO_DEPRECATE /D _SCL_SECURE_NO_WARNINGS /D "CMAKE_INTDIR=\"Debug\"" /D _MBCS /Gm- /RTC1 /MDd /GS /Gy /fp:precise /Zc:wchar_t /Zc:forScope /Zc:inline /Fo"cmTC_1d9aa.dir\Debug\\" /Fd"cmTC_1d9aa.dir\Debug\vc141.pdb" /Gd /TC /errorReport:queue  /bigobj "C:\Users\d_dan\Desktop\opencv-master\build\CMakeFiles\CMakeTmp\CheckIncludeFile.c"
  
C:\Users\d_dan\Desktop\opencv-master\build\CMakeFiles\CMakeTmp\CheckIncludeFile.c(1): fatal error C1083: No se puede abrir el archivo incluir: 'pthread.h': No such file or directory [C:\Users\d_dan\Desktop\opencv-master\build\CMakeFiles\CMakeTmp\cmTC_1d9aa.vcxproj]
Compilación del proyecto terminada "C:\Users\d_dan\Desktop\opencv-master\build\CMakeFiles\CMakeTmp\cmTC_1d9aa.vcxproj" (destinos predeterminados) -- ERROR.

ERROR al compilar.

"C:\Users\d_dan\Desktop\opencv-master\build\CMakeFiles\CMakeTmp\cmTC_1d9aa.vcxproj" (destino predeterminado) (1) ->
(ClCompile destino) -> 
  C:\Users\d_dan\Desktop\opencv-master\build\CMakeFiles\CMakeTmp\CheckIncludeFile.c(1): fatal error C1083: No se puede abrir el archivo incluir: 'pthread.h': No such file or directory [C:\Users\d_dan\Desktop\opencv-master\build\CMakeFiles\CMakeTmp\cmTC_1d9aa.vcxproj]

    0 Advertencia(s)
    1 Errores

Tiempo transcurrido 00:00:01.35


